  main.cpp
C:\Users\yanyu\Desktop\QQBot\bot_remake\bot_remake\lib\function\botFunction.hpp(114,10): warning C4267: “初始化”: 从“size_t”转换到“int”，可能丢失数据
C:\Users\yanyu\Desktop\QQBot\bot_remake\bot_remake\lib\function\botFunction.hpp(280,13): warning C4267: “初始化”: 从“size_t”转换到“int”，可能丢失数据
C:\Users\yanyu\Desktop\QQBot\bot_remake\bot_remake\lib\function\botFunction.hpp(295,23): warning C4305: “参数”: 从“int”到“const _Elem”截断
          with
          [
              _Elem=char
          ]
C:\Users\yanyu\Desktop\QQBot\bot_remake\bot_remake\lib\function\botFunction.hpp(295,23): warning C4309: “参数”: 截断常量值
C:\Users\yanyu\Desktop\QQBot\bot_remake\bot_remake\lib\function\botFunction.hpp(295,13): warning C4267: “初始化”: 从“size_t”转换到“int”，可能丢失数据
C:\Users\yanyu\Desktop\QQBot\bot_remake\bot_remake\lib\function\botFunction.hpp(453,14): warning C4267: “初始化”: 从“size_t”转换到“int”，可能丢失数据
C:\Users\yanyu\Desktop\QQBot\bot_remake\bot_remake\lib\function\botFunction.hpp(468,24): warning C4305: “参数”: 从“int”到“const _Elem”截断
          with
          [
              _Elem=char
          ]
C:\Users\yanyu\Desktop\QQBot\bot_remake\bot_remake\lib\function\botFunction.hpp(468,24): warning C4309: “参数”: 截断常量值
C:\Users\yanyu\Desktop\QQBot\bot_remake\bot_remake\lib\function\botFunction.hpp(468,14): warning C4267: “初始化”: 从“size_t”转换到“int”，可能丢失数据
C:\Users\yanyu\Desktop\QQBot\bot_remake\bot_remake\lib\function\botFunction.hpp(534,13): warning C4267: “初始化”: 从“size_t”转换到“int”，可能丢失数据
C:\Users\yanyu\Desktop\QQBot\bot_remake\bot_remake\lib\function\botFunction.hpp(557,10): warning C4267: “初始化”: 从“size_t”转换到“int”，可能丢失数据
D:\Windows Kits\10\Include\10.0.22621.0\shared\ws2def.h(103,1): warning C4005: “AF_IPX”: 宏重定义
D:\Windows Kits\10\Include\10.0.22621.0\um\winsock.h(457,1): message : 参见“AF_IPX”的前一个定义
D:\Windows Kits\10\Include\10.0.22621.0\shared\ws2def.h(147,1): warning C4005: “AF_MAX”: 宏重定义
D:\Windows Kits\10\Include\10.0.22621.0\um\winsock.h(476,1): message : 参见“AF_MAX”的前一个定义
D:\Windows Kits\10\Include\10.0.22621.0\shared\ws2def.h(187,1): warning C4005: “SO_DONTLINGER”: 宏重定义
D:\Windows Kits\10\Include\10.0.22621.0\um\winsock.h(399,1): message : 参见“SO_DONTLINGER”的前一个定义
D:\Windows Kits\10\Include\10.0.22621.0\shared\ws2def.h(240,25): error C2011: “sockaddr”:“struct”类型重定义
D:\Windows Kits\10\Include\10.0.22621.0\um\winsock.h(482,8): message : 参见“sockaddr”的声明
D:\Windows Kits\10\Include\10.0.22621.0\shared\ws2def.h(442,5): error C2143: 语法错误: 缺少“}”(在“常数”的前面)
D:\Windows Kits\10\Include\10.0.22621.0\shared\ws2def.h(442,5): error C2059: 语法错误:“常数”
D:\Windows Kits\10\Include\10.0.22621.0\shared\ws2def.h(496,1): error C2143: 语法错误: 缺少“;”(在“}”的前面)
D:\Windows Kits\10\Include\10.0.22621.0\shared\ws2def.h(496,10): error C4430: 缺少类型说明符 - 假定为 int。注意: C++ 不支持默认 int
D:\Windows Kits\10\Include\10.0.22621.0\shared\ws2def.h(496,20): error C4430: 缺少类型说明符 - 假定为 int。注意: C++ 不支持默认 int
D:\Windows Kits\10\Include\10.0.22621.0\shared\ws2def.h(577,1): warning C4005: “IN_CLASSA”: 宏重定义
D:\Windows Kits\10\Include\10.0.22621.0\um\winsock.h(284,1): message : 参见“IN_CLASSA”的前一个定义
D:\Windows Kits\10\Include\10.0.22621.0\shared\ws2def.h(583,1): warning C4005: “IN_CLASSB”: 宏重定义
D:\Windows Kits\10\Include\10.0.22621.0\um\winsock.h(290,1): message : 参见“IN_CLASSB”的前一个定义
D:\Windows Kits\10\Include\10.0.22621.0\shared\ws2def.h(589,1): warning C4005: “IN_CLASSC”: 宏重定义
D:\Windows Kits\10\Include\10.0.22621.0\um\winsock.h(296,1): message : 参见“IN_CLASSC”的前一个定义
D:\Windows Kits\10\Include\10.0.22621.0\shared\ws2def.h(600,1): warning C4005: “INADDR_ANY”: 宏重定义
D:\Windows Kits\10\Include\10.0.22621.0\um\winsock.h(301,1): message : 参见“INADDR_ANY”的前一个定义
D:\Windows Kits\10\Include\10.0.22621.0\shared\ws2def.h(602,1): warning C4005: “INADDR_BROADCAST”: 宏重定义
D:\Windows Kits\10\Include\10.0.22621.0\um\winsock.h(303,1): message : 参见“INADDR_BROADCAST”的前一个定义
D:\Windows Kits\10\Include\10.0.22621.0\shared\ws2def.h(638,28): error C2011: “sockaddr_in”:“struct”类型重定义
D:\Windows Kits\10\Include\10.0.22621.0\um\winsock.h(309,8): message : 参见“sockaddr_in”的声明
D:\Windows Kits\10\Include\10.0.22621.0\um\winsock2.h(136,23): error C2011: “fd_set”:“struct”类型重定义
D:\Windows Kits\10\Include\10.0.22621.0\um\winsock.h(65,16): message : 参见“fd_set”的声明
D:\Windows Kits\10\Include\10.0.22621.0\um\winsock2.h(171,1): warning C4005: “FD_SET”: 宏重定义
D:\Windows Kits\10\Include\10.0.22621.0\um\winsock.h(99,1): message : 参见“FD_SET”的前一个定义
D:\Windows Kits\10\Include\10.0.22621.0\um\winsock2.h(180,16): error C2011: “timeval”:“struct”类型重定义
D:\Windows Kits\10\Include\10.0.22621.0\um\winsock.h(108,8): message : 参见“timeval”的声明
D:\Windows Kits\10\Include\10.0.22621.0\um\winsock2.h(236,17): error C2011: “hostent”:“struct”类型重定义
D:\Windows Kits\10\Include\10.0.22621.0\um\winsock.h(164,9): message : 参见“hostent”的声明
D:\Windows Kits\10\Include\10.0.22621.0\um\winsock2.h(249,16): error C2011: “netent”:“struct”类型重定义
D:\Windows Kits\10\Include\10.0.22621.0\um\winsock.h(177,9): message : 参见“netent”的声明
D:\Windows Kits\10\Include\10.0.22621.0\um\winsock2.h(256,17): error C2011: “servent”:“struct”类型重定义
D:\Windows Kits\10\Include\10.0.22621.0\um\winsock.h(184,9): message : 参见“servent”的声明
D:\Windows Kits\10\Include\10.0.22621.0\um\winsock2.h(268,18): error C2011: “protoent”:“struct”类型重定义
D:\Windows Kits\10\Include\10.0.22621.0\um\winsock.h(196,9): message : 参见“protoent”的声明
D:\Windows Kits\10\Include\10.0.22621.0\um\winsock2.h(364,24): error C2011: “WSAData”:“struct”类型重定义
D:\Windows Kits\10\Include\10.0.22621.0\um\winsock.h(319,16): message : 参见“WSAData”的声明
D:\Windows Kits\10\Include\10.0.22621.0\um\winsock2.h(462,18): error C2011: “sockproto”:“struct”类型重定义
D:\Windows Kits\10\Include\10.0.22621.0\um\winsock.h(491,8): message : 参见“sockproto”的声明
D:\Windows Kits\10\Include\10.0.22621.0\um\winsock2.h(504,16): error C2011: “linger”:“struct”类型重定义
D:\Windows Kits\10\Include\10.0.22621.0\um\winsock.h(528,9): message : 参见“linger”的声明
D:\Windows Kits\10\Include\10.0.22621.0\um\winsock2.h(517,1): warning C4005: “SOMAXCONN”: 宏重定义
D:\Windows Kits\10\Include\10.0.22621.0\um\winsock.h(541,1): message : 参见“SOMAXCONN”的前一个定义
D:\Windows Kits\10\Include\10.0.22621.0\um\winsock2.h(551,1): warning C4005: “FD_READ”: 宏重定义
D:\Windows Kits\10\Include\10.0.22621.0\um\winsock.h(559,1): message : 参见“FD_READ”的前一个定义
D:\Windows Kits\10\Include\10.0.22621.0\um\winsock2.h(554,1): warning C4005: “FD_WRITE”: 宏重定义
D:\Windows Kits\10\Include\10.0.22621.0\um\winsock.h(560,1): message : 参见“FD_WRITE”的前一个定义
D:\Windows Kits\10\Include\10.0.22621.0\um\winsock2.h(557,1): warning C4005: “FD_OOB”: 宏重定义
D:\Windows Kits\10\Include\10.0.22621.0\um\winsock.h(561,1): message : 参见“FD_OOB”的前一个定义
D:\Windows Kits\10\Include\10.0.22621.0\um\winsock2.h(560,1): warning C4005: “FD_ACCEPT”: 宏重定义
D:\Windows Kits\10\Include\10.0.22621.0\um\winsock.h(562,1): message : 参见“FD_ACCEPT”的前一个定义
D:\Windows Kits\10\Include\10.0.22621.0\um\winsock2.h(563,1): warning C4005: “FD_CONNECT”: 宏重定义
D:\Windows Kits\10\Include\10.0.22621.0\um\winsock.h(563,1): message : 参见“FD_CONNECT”的前一个定义
D:\Windows Kits\10\Include\10.0.22621.0\um\winsock2.h(566,1): warning C4005: “FD_CLOSE”: 宏重定义
D:\Windows Kits\10\Include\10.0.22621.0\um\winsock.h(564,1): message : 参见“FD_CLOSE”的前一个定义
D:\Windows Kits\10\Include\10.0.22621.0\um\winsock2.h(1631,1): error C2375: “accept”: 重定义；不同的链接
D:\Windows Kits\10\Include\10.0.22621.0\um\winsock.h(739,19): message : 参见“accept”的声明
D:\Windows Kits\10\Include\10.0.22621.0\um\winsock2.h(1653,1): error C2375: “bind”: 重定义；不同的链接
D:\Windows Kits\10\Include\10.0.22621.0\um\winsock.h(744,16): message : 参见“bind”的声明
D:\Windows Kits\10\Include\10.0.22621.0\um\winsock2.h(1674,1): error C2375: “closesocket”: 重定义；不同的链接
D:\Windows Kits\10\Include\10.0.22621.0\um\winsock.h(749,16): message : 参见“closesocket”的声明
D:\Windows Kits\10\Include\10.0.22621.0\um\winsock2.h(1691,1): error C2375: “connect”: 重定义；不同的链接
D:\Windows Kits\10\Include\10.0.22621.0\um\winsock.h(751,16): message : 参见“connect”的声明
D:\Windows Kits\10\Include\10.0.22621.0\um\winsock2.h(1712,1): error C2375: “ioctlsocket”: 重定义；不同的链接
D:\Windows Kits\10\Include\10.0.22621.0\um\winsock.h(756,16): message : 参见“ioctlsocket”的声明
D:\Windows Kits\10\Include\10.0.22621.0\um\winsock2.h(1735,1): error C2375: “getpeername”: 重定义；不同的链接
D:\Windows Kits\10\Include\10.0.22621.0\um\winsock.h(761,16): message : 参见“getpeername”的声明
D:\Windows Kits\10\Include\10.0.22621.0\um\winsock2.h(1756,1): error C2375: “getsockname”: 重定义；不同的链接
D:\Windows Kits\10\Include\10.0.22621.0\um\winsock.h(766,16): message : 参见“getsockname”的声明
D:\Windows Kits\10\Include\10.0.22621.0\um\winsock2.h(1777,1): error C2375: “getsockopt”: 重定义；不同的链接
D:\Windows Kits\10\Include\10.0.22621.0\um\winsock.h(771,16): message : 参见“getsockopt”的声明
D:\Windows Kits\10\Include\10.0.22621.0\um\winsock2.h(1802,1): error C2375: “htonl”: 重定义；不同的链接
D:\Windows Kits\10\Include\10.0.22621.0\um\winsock.h(778,19): message : 参见“htonl”的声明
D:\Windows Kits\10\Include\10.0.22621.0\um\winsock2.h(1819,1): error C2375: “htons”: 重定义；不同的链接
D:\Windows Kits\10\Include\10.0.22621.0\um\winsock.h(780,20): message : 参见“htons”的声明
D:\Windows Kits\10\Include\10.0.22621.0\um\winsock2.h(1837,1): error C2375: “inet_addr”: 重定义；不同的链接
D:\Windows Kits\10\Include\10.0.22621.0\um\winsock.h(782,26): message : 参见“inet_addr”的声明
D:\Windows Kits\10\Include\10.0.22621.0\um\winsock2.h(1855,1): error C2375: “inet_ntoa”: 重定义；不同的链接
D:\Windows Kits\10\Include\10.0.22621.0\um\winsock.h(784,23): message : 参见“inet_ntoa”的声明
D:\Windows Kits\10\Include\10.0.22621.0\um\winsock2.h(1955,1): error C2375: “listen”: 重定义；不同的链接
D:\Windows Kits\10\Include\10.0.22621.0\um\winsock.h(786,16): message : 参见“listen”的声明
D:\Windows Kits\10\Include\10.0.22621.0\um\winsock2.h(1974,1): error C2375: “ntohl”: 重定义；不同的链接
D:\Windows Kits\10\Include\10.0.22621.0\um\winsock.h(790,19): message : 参见“ntohl”的声明
D:\Windows Kits\10\Include\10.0.22621.0\um\winsock2.h(1991,1): error C2375: “ntohs”: 重定义；不同的链接
D:\Windows Kits\10\Include\10.0.22621.0\um\winsock.h(792,20): message : 参见“ntohs”的声明
D:\Windows Kits\10\Include\10.0.22621.0\um\winsock2.h(2008,1): error C2375: “recv”: 重定义；不同的链接
D:\Windows Kits\10\Include\10.0.22621.0\um\winsock.h(794,16): message : 参见“recv”的声明
D:\Windows Kits\10\Include\10.0.22621.0\um\winsock2.h(2031,1): error C2375: “recvfrom”: 重定义；不同的链接
D:\Windows Kits\10\Include\10.0.22621.0\um\winsock.h(800,16): message : 参见“recvfrom”的声明
D:\Windows Kits\10\Include\10.0.22621.0\um\winsock2.h(2058,1): error C2375: “select”: 重定义；不同的链接
D:\Windows Kits\10\Include\10.0.22621.0\um\winsock.h(808,16): message : 参见“select”的声明
D:\Windows Kits\10\Include\10.0.22621.0\um\winsock2.h(2083,1): error C2375: “send”: 重定义；不同的链接
D:\Windows Kits\10\Include\10.0.22621.0\um\winsock.h(815,16): message : 参见“send”的声明
D:\Windows Kits\10\Include\10.0.22621.0\um\winsock2.h(2106,1): error C2375: “sendto”: 重定义；不同的链接
D:\Windows Kits\10\Include\10.0.22621.0\um\winsock.h(821,16): message : 参见“sendto”的声明
D:\Windows Kits\10\Include\10.0.22621.0\um\winsock2.h(2133,1): error C2375: “setsockopt”: 重定义；不同的链接
D:\Windows Kits\10\Include\10.0.22621.0\um\winsock.h(829,16): message : 参见“setsockopt”的声明
D:\Windows Kits\10\Include\10.0.22621.0\um\winsock2.h(2158,1): error C2375: “shutdown”: 重定义；不同的链接
D:\Windows Kits\10\Include\10.0.22621.0\um\winsock.h(836,16): message : 参见“shutdown”的声明
D:\Windows Kits\10\Include\10.0.22621.0\um\winsock2.h(2178,1): error C2375: “socket”: 重定义；不同的链接
D:\Windows Kits\10\Include\10.0.22621.0\um\winsock.h(840,19): message : 参见“socket”的声明
D:\Windows Kits\10\Include\10.0.22621.0\um\winsock2.h(2203,1): error C2375: “gethostbyaddr”: 重定义；不同的链接
D:\Windows Kits\10\Include\10.0.22621.0\um\winsock.h(847,33): message : 参见“gethostbyaddr”的声明
D:\Windows Kits\10\Include\10.0.22621.0\um\winsock2.h(2225,1): error C2375: “gethostbyname”: 重定义；不同的链接
D:\Windows Kits\10\Include\10.0.22621.0\um\winsock.h(852,33): message : 参见“gethostbyname”的声明
D:\Windows Kits\10\Include\10.0.22621.0\um\winsock2.h(2242,1): error C2375: “gethostname”: 重定义；不同的链接
D:\Windows Kits\10\Include\10.0.22621.0\um\winsock.h(854,16): message : 参见“gethostname”的声明
D:\Windows Kits\10\Include\10.0.22621.0\um\winsock2.h(2282,1): error C2375: “getservbyport”: 重定义；不同的链接
D:\Windows Kits\10\Include\10.0.22621.0\um\winsock.h(858,33): message : 参见“getservbyport”的声明
D:\Windows Kits\10\Include\10.0.22621.0\um\winsock2.h(2301,1): error C2375: “getservbyname”: 重定义；不同的链接
D:\Windows Kits\10\Include\10.0.22621.0\um\winsock.h(862,33): message : 参见“getservbyname”的声明
D:\Windows Kits\10\Include\10.0.22621.0\um\winsock2.h(2320,1): error C2375: “getprotobynumber”: 重定义；不同的链接
D:\Windows Kits\10\Include\10.0.22621.0\um\winsock.h(866,34): message : 参见“getprotobynumber”的声明
D:\Windows Kits\10\Include\10.0.22621.0\um\winsock2.h(2337,1): error C2375: “getprotobyname”: 重定义；不同的链接
D:\Windows Kits\10\Include\10.0.22621.0\um\winsock.h(868,34): message : 参见“getprotobyname”的声明
D:\Windows Kits\10\Include\10.0.22621.0\um\winsock2.h(2357,1): error C2375: “WSAStartup”: 重定义；不同的链接
D:\Windows Kits\10\Include\10.0.22621.0\um\winsock.h(872,16): message : 参见“WSAStartup”的声明
D:\Windows Kits\10\Include\10.0.22621.0\um\winsock2.h(2377,1): error C2375: “WSACleanup”: 重定义；不同的链接
D:\Windows Kits\10\Include\10.0.22621.0\um\winsock.h(876,16): message : 参见“WSACleanup”的声明
D:\Windows Kits\10\Include\10.0.22621.0\um\winsock2.h(2394,1): error C2375: “WSASetLastError”: 重定义；不同的链接
D:\Windows Kits\10\Include\10.0.22621.0\um\winsock.h(878,17): message : 参见“WSASetLastError”的声明
D:\Windows Kits\10\Include\10.0.22621.0\um\winsock2.h(2411,1): error C2375: “WSAGetLastError”: 重定义；不同的链接
D:\Windows Kits\10\Include\10.0.22621.0\um\winsock.h(880,16): message : 参见“WSAGetLastError”的声明
D:\Windows Kits\10\Include\10.0.22621.0\um\winsock2.h(2432,1): error C2375: “WSAIsBlocking”: 重定义；不同的链接
D:\Windows Kits\10\Include\10.0.22621.0\um\winsock.h(882,17): message : 参见“WSAIsBlocking”的声明
D:\Windows Kits\10\Include\10.0.22621.0\um\winsock2.h(2450,1): error C2375: “WSAUnhookBlockingHook”: 重定义；不同的链接
D:\Windows Kits\10\Include\10.0.22621.0\um\winsock.h(884,16): message : 参见“WSAUnhookBlockingHook”的声明
D:\Windows Kits\10\Include\10.0.22621.0\um\winsock2.h(2468,1): error C2375: “WSASetBlockingHook”: 重定义；不同的链接
D:\Windows Kits\10\Include\10.0.22621.0\um\winsock.h(886,20): message : 参见“WSASetBlockingHook”的声明
D:\Windows Kits\10\Include\10.0.22621.0\um\winsock2.h(2486,1): error C2375: “WSACancelBlockingCall”: 重定义；不同的链接
D:\Windows Kits\10\Include\10.0.22621.0\um\winsock.h(888,16): message : 参见“WSACancelBlockingCall”的声明
D:\Windows Kits\10\Include\10.0.22621.0\um\winsock2.h(2504,1): error C2375: “WSAAsyncGetServByName”: 重定义；不同的链接
D:\Windows Kits\10\Include\10.0.22621.0\um\winsock.h(890,19): message : 参见“WSAAsyncGetServByName”的声明
D:\Windows Kits\10\Include\10.0.22621.0\um\winsock2.h(2532,1): error C2375: “WSAAsyncGetServByPort”: 重定义；不同的链接
D:\Windows Kits\10\Include\10.0.22621.0\um\winsock.h(898,19): message : 参见“WSAAsyncGetServByPort”的声明
D:\Windows Kits\10\Include\10.0.22621.0\um\winsock2.h(2560,1): error C2375: “WSAAsyncGetProtoByName”: 重定义；不同的链接
D:\Windows Kits\10\Include\10.0.22621.0\um\winsock.h(906,19): message : 参见“WSAAsyncGetProtoByName”的声明
D:\Windows Kits\10\Include\10.0.22621.0\um\winsock2.h(2586,1): error C2375: “WSAAsyncGetProtoByNumber”: 重定义；不同的链接
D:\Windows Kits\10\Include\10.0.22621.0\um\winsock.h(913,19): message : 参见“WSAAsyncGetProtoByNumber”的声明
D:\Windows Kits\10\Include\10.0.22621.0\um\winsock2.h(2612,1): error C2375: “WSAAsyncGetHostByName”: 重定义；不同的链接
D:\Windows Kits\10\Include\10.0.22621.0\um\winsock.h(920,19): message : 参见“WSAAsyncGetHostByName”的声明
D:\Windows Kits\10\Include\10.0.22621.0\um\winsock2.h(2638,1): error C2375: “WSAAsyncGetHostByAddr”: 重定义；不同的链接
D:\Windows Kits\10\Include\10.0.22621.0\um\winsock.h(927,19): message : 参见“WSAAsyncGetHostByAddr”的声明
D:\Windows Kits\10\Include\10.0.22621.0\um\winsock2.h(2668,1): error C2375: “WSACancelAsyncRequest”: 重定义；不同的链接
D:\Windows Kits\10\Include\10.0.22621.0\um\winsock.h(936,16): message : 参见“WSACancelAsyncRequest”的声明
D:\Windows Kits\10\Include\10.0.22621.0\um\winsock2.h(2686,1): error C2375: “WSAAsyncSelect”: 重定义；不同的链接
D:\Windows Kits\10\Include\10.0.22621.0\um\winsock.h(938,16): message : 参见“WSAAsyncSelect”的声明
D:\Windows Kits\10\Include\10.0.22621.0\um\winsock2.h(4318,1): error C2059: 语法错误:“}”
D:\Windows Kits\10\Include\10.0.22621.0\um\winsock2.h(4318,1): error C2143: 语法错误: 缺少“;”(在“}”的前面)
D:\Windows Kits\10\Include\10.0.22621.0\shared\ws2ipdef.h(42,12): error C2143: 语法错误: 缺少“;”(在“{”的前面)
D:\Windows Kits\10\Include\10.0.22621.0\shared\ws2ipdef.h(42,12): error C2447: “{”: 缺少函数标题(是否是老式的形式表?)
D:\Windows Kits\10\Include\10.0.22621.0\shared\ws2ipdef.h(135,1): warning C4005: “IP_TOS”: 宏重定义
D:\Windows Kits\10\Include\10.0.22621.0\um\winsock.h(349,1): message : 参见“IP_TOS”的前一个定义
D:\Windows Kits\10\Include\10.0.22621.0\shared\ws2ipdef.h(136,1): warning C4005: “IP_TTL”: 宏重定义
D:\Windows Kits\10\Include\10.0.22621.0\um\winsock.h(348,1): message : 参见“IP_TTL”的前一个定义
D:\Windows Kits\10\Include\10.0.22621.0\shared\ws2ipdef.h(137,1): warning C4005: “IP_MULTICAST_IF”: 宏重定义
D:\Windows Kits\10\Include\10.0.22621.0\um\winsock.h(343,1): message : 参见“IP_MULTICAST_IF”的前一个定义
D:\Windows Kits\10\Include\10.0.22621.0\shared\ws2ipdef.h(138,1): warning C4005: “IP_MULTICAST_TTL”: 宏重定义
D:\Windows Kits\10\Include\10.0.22621.0\um\winsock.h(344,1): message : 参见“IP_MULTICAST_TTL”的前一个定义
D:\Windows Kits\10\Include\10.0.22621.0\shared\ws2ipdef.h(139,1): warning C4005: “IP_MULTICAST_LOOP”: 宏重定义
D:\Windows Kits\10\Include\10.0.22621.0\um\winsock.h(345,1): message : 参见“IP_MULTICAST_LOOP”的前一个定义
D:\Windows Kits\10\Include\10.0.22621.0\shared\ws2ipdef.h(140,1): warning C4005: “IP_ADD_MEMBERSHIP”: 宏重定义
D:\Windows Kits\10\Include\10.0.22621.0\um\winsock.h(346,1): message : 参见“IP_ADD_MEMBERSHIP”的前一个定义
D:\Windows Kits\10\Include\10.0.22621.0\shared\ws2ipdef.h(141,1): warning C4005: “IP_DROP_MEMBERSHIP”: 宏重定义
D:\Windows Kits\10\Include\10.0.22621.0\um\winsock.h(347,1): message : 参见“IP_DROP_MEMBERSHIP”的前一个定义
D:\Windows Kits\10\Include\10.0.22621.0\shared\ws2ipdef.h(142,1): warning C4005: “IP_DONTFRAGMENT”: 宏重定义
D:\Windows Kits\10\Include\10.0.22621.0\um\winsock.h(350,1): message : 参见“IP_DONTFRAGMENT”的前一个定义
D:\Windows Kits\10\Include\10.0.22621.0\um\ws2tcpip.h(733,10): error C2061: 语法错误: 标识符“MULTICAST_MODE_TYPE”
D:\Windows Kits\10\Include\10.0.22621.0\um\ws2tcpip.h(740,5): error C2065: “PIP_MSFILTER”: 未声明的标识符
D:\Windows Kits\10\Include\10.0.22621.0\um\ws2tcpip.h(740,18): error C2146: 语法错误: 缺少“;”(在标识符“Filter”的前面)
D:\Windows Kits\10\Include\10.0.22621.0\um\ws2tcpip.h(740,18): error C2065: “Filter”: 未声明的标识符
D:\Windows Kits\10\Include\10.0.22621.0\um\ws2tcpip.h(742,9): error C2065: “SourceCount”: 未声明的标识符
D:\Windows Kits\10\Include\10.0.22621.0\um\ws2tcpip.h(743,40): error C2065: “Filter”: 未声明的标识符
D:\Windows Kits\10\Include\10.0.22621.0\um\ws2tcpip.h(743,60): error C2065: “SourceList”: 未声明的标识符
D:\Windows Kits\10\Include\10.0.22621.0\um\ws2tcpip.h(744,9): error C2065: “WSASetLastError”: 未声明的标识符
D:\Windows Kits\10\Include\10.0.22621.0\um\ws2tcpip.h(748,12): error C2065: “IP_MSFILTER”: 未声明的标识符
D:\Windows Kits\10\Include\10.0.22621.0\um\ws2tcpip.h(748,12): error C2065: “SourceCount”: 未声明的标识符
D:\Windows Kits\10\Include\10.0.22621.0\um\ws2tcpip.h(749,5): error C2065: “Filter”: 未声明的标识符
D:\Windows Kits\10\Include\10.0.22621.0\um\ws2tcpip.h(749,15): error C2065: “PIP_MSFILTER”: 未声明的标识符
D:\Windows Kits\10\Include\10.0.22621.0\um\ws2tcpip.h(749,29): error C2146: 语法错误: 缺少“;”(在标识符“HeapAlloc”的前面)
D:\Windows Kits\10\Include\10.0.22621.0\um\ws2tcpip.h(750,9): error C2065: “Filter”: 未声明的标识符
D:\Windows Kits\10\Include\10.0.22621.0\um\ws2tcpip.h(751,9): error C2065: “WSASetLastError”: 未声明的标识符
D:\Windows Kits\10\Include\10.0.22621.0\um\ws2tcpip.h(755,5): error C2065: “Filter”: 未声明的标识符
D:\Windows Kits\10\Include\10.0.22621.0\um\ws2tcpip.h(756,5): error C2065: “Filter”: 未声明的标识符
D:\Windows Kits\10\Include\10.0.22621.0\um\ws2tcpip.h(757,5): error C2065: “Filter”: 未声明的标识符
D:\Windows Kits\10\Include\10.0.22621.0\um\ws2tcpip.h(757,26): error C2065: “FilterMode”: 未声明的标识符
D:\Windows Kits\10\Include\10.0.22621.0\um\ws2tcpip.h(758,5): error C2065: “Filter”: 未声明的标识符
D:\Windows Kits\10\Include\10.0.22621.0\um\ws2tcpip.h(758,27): error C2065: “SourceCount”: 未声明的标识符
D:\Windows Kits\10\Include\10.0.22621.0\um\ws2tcpip.h(759,9): error C2065: “SourceCount”: 未声明的标识符
D:\Windows Kits\10\Include\10.0.22621.0\um\ws2tcpip.h(760,9): error C2065: “Filter”: 未声明的标识符
D:\Windows Kits\10\Include\10.0.22621.0\um\ws2tcpip.h(760,9): error C2065: “SourceList”: 未声明的标识符
D:\Windows Kits\10\Include\10.0.22621.0\um\ws2tcpip.h(760,9): error C2065: “SourceCount”: 未声明的标识符
D:\Windows Kits\10\Include\10.0.22621.0\um\ws2tcpip.h(760,9): error C2660: “memcpy”: 函数不接受 2 个参数
D:\App\Microsoft Visual Studio\2022\Preview\VC\Tools\MSVC\14.38.32919\include\vcruntime_string.h(43,15): message : 参见“memcpy”的声明
D:\Windows Kits\10\Include\10.0.22621.0\um\ws2tcpip.h(760,9): message : 尝试匹配参数列表“()”时
D:\Windows Kits\10\Include\10.0.22621.0\um\ws2tcpip.h(764,47): error C2065: “Filter”: 未声明的标识符
D:\Windows Kits\10\Include\10.0.22621.0\um\ws2tcpip.h(767,35): error C2065: “Filter”: 未声明的标识符
D:\Windows Kits\10\Include\10.0.22621.0\um\ws2tcpip.h(779,11): error C2061: 语法错误: 标识符“MULTICAST_MODE_TYPE”
D:\Windows Kits\10\Include\10.0.22621.0\um\ws2tcpip.h(786,5): error C2065: “PIP_MSFILTER”: 未声明的标识符
D:\Windows Kits\10\Include\10.0.22621.0\um\ws2tcpip.h(786,18): error C2146: 语法错误: 缺少“;”(在标识符“Filter”的前面)
D:\Windows Kits\10\Include\10.0.22621.0\um\ws2tcpip.h(786,18): error C2065: “Filter”: 未声明的标识符
D:\Windows Kits\10\Include\10.0.22621.0\um\ws2tcpip.h(788,10): error C2065: “SourceCount”: 未声明的标识符
D:\Windows Kits\10\Include\10.0.22621.0\um\ws2tcpip.h(789,40): error C2065: “Filter”: 未声明的标识符
D:\Windows Kits\10\Include\10.0.22621.0\um\ws2tcpip.h(789,60): error C2065: “SourceList”: 未声明的标识符
D:\Windows Kits\10\Include\10.0.22621.0\um\ws2tcpip.h(789,60): fatal  error C1003: 错误计数超过 100；正在停止编译
